[debug] [2025-07-28T12:46:31.001Z] ----------------------------------------------------------------------
[debug] [2025-07-28T12:46:31.003Z] Command:       C:\Program Files\nodejs\node.exe C:\Users\hugob\AppData\Roaming\npm\node_modules\firebase-tools\lib\bin\firebase.js deploy --only functions
[debug] [2025-07-28T12:46:31.004Z] CLI Version:   14.10.1
[debug] [2025-07-28T12:46:31.004Z] Platform:      win32
[debug] [2025-07-28T12:46:31.004Z] Node Version:  v22.16.0
[debug] [2025-07-28T12:46:31.004Z] Time:          Mon Jul 28 2025 13:46:31 GMT+0100 (Hora de verão da Europa Ocidental)
[debug] [2025-07-28T12:46:31.004Z] ----------------------------------------------------------------------
[debug] 
[debug] [2025-07-28T12:46:31.166Z] > command requires scopes: ["email","openid","https://www.googleapis.com/auth/cloudplatformprojects.readonly","https://www.googleapis.com/auth/firebase","https://www.googleapis.com/auth/cloud-platform"]
[debug] [2025-07-28T12:46:31.166Z] > authorizing via signed-in user (hugodiasbarbosa19052001@gmail.com)
[debug] [2025-07-28T12:46:31.166Z] [iam] checking project risifit-4defe for permissions ["cloudfunctions.functions.create","cloudfunctions.functions.delete","cloudfunctions.functions.get","cloudfunctions.functions.list","cloudfunctions.functions.update","cloudfunctions.operations.get","firebase.projects.get"]
[debug] [2025-07-28T12:46:31.167Z] Checked if tokens are valid: true, expires at: 1753708948415
[debug] [2025-07-28T12:46:31.167Z] Checked if tokens are valid: true, expires at: 1753708948415
[debug] [2025-07-28T12:46:31.168Z] >>> [apiv2][query] POST https://cloudresourcemanager.googleapis.com/v1/projects/risifit-4defe:testIamPermissions [none]
[debug] [2025-07-28T12:46:31.168Z] >>> [apiv2][(partial)header] POST https://cloudresourcemanager.googleapis.com/v1/projects/risifit-4defe:testIamPermissions x-goog-quota-user=projects/risifit-4defe
[debug] [2025-07-28T12:46:31.168Z] >>> [apiv2][body] POST https://cloudresourcemanager.googleapis.com/v1/projects/risifit-4defe:testIamPermissions {"permissions":["cloudfunctions.functions.create","cloudfunctions.functions.delete","cloudfunctions.functions.get","cloudfunctions.functions.list","cloudfunctions.functions.update","cloudfunctions.operations.get","firebase.projects.get"]}
[debug] [2025-07-28T12:46:31.475Z] <<< [apiv2][status] POST https://cloudresourcemanager.googleapis.com/v1/projects/risifit-4defe:testIamPermissions 200
[debug] [2025-07-28T12:46:31.476Z] <<< [apiv2][body] POST https://cloudresourcemanager.googleapis.com/v1/projects/risifit-4defe:testIamPermissions {"permissions":["cloudfunctions.functions.create","cloudfunctions.functions.delete","cloudfunctions.functions.get","cloudfunctions.functions.list","cloudfunctions.functions.update","cloudfunctions.operations.get","firebase.projects.get"]}
[debug] [2025-07-28T12:46:31.476Z] Checked if tokens are valid: true, expires at: 1753708948415
[debug] [2025-07-28T12:46:31.476Z] Checked if tokens are valid: true, expires at: 1753708948415
[debug] [2025-07-28T12:46:31.476Z] >>> [apiv2][query] POST https://iam.googleapis.com/v1/projects/risifit-4defe/serviceAccounts/risifit-4defe@appspot.gserviceaccount.com:testIamPermissions [none]
[debug] [2025-07-28T12:46:31.476Z] >>> [apiv2][body] POST https://iam.googleapis.com/v1/projects/risifit-4defe/serviceAccounts/risifit-4defe@appspot.gserviceaccount.com:testIamPermissions {"permissions":["iam.serviceAccounts.actAs"]}
[debug] [2025-07-28T12:46:32.281Z] <<< [apiv2][status] POST https://iam.googleapis.com/v1/projects/risifit-4defe/serviceAccounts/risifit-4defe@appspot.gserviceaccount.com:testIamPermissions 200
[debug] [2025-07-28T12:46:32.281Z] <<< [apiv2][body] POST https://iam.googleapis.com/v1/projects/risifit-4defe/serviceAccounts/risifit-4defe@appspot.gserviceaccount.com:testIamPermissions {"permissions":["iam.serviceAccounts.actAs"]}
[info] 
[info] === Deploying to 'risifit-4defe'...
[info] 
[info] i  deploying functions 
[debug] [2025-07-28T12:46:32.284Z] Checked if tokens are valid: true, expires at: 1753708948415
[debug] [2025-07-28T12:46:32.284Z] Checked if tokens are valid: true, expires at: 1753708948415
[debug] [2025-07-28T12:46:32.284Z] >>> [apiv2][query] GET https://cloudresourcemanager.googleapis.com/v1/projects/risifit-4defe [none]
[debug] [2025-07-28T12:46:32.588Z] <<< [apiv2][status] GET https://cloudresourcemanager.googleapis.com/v1/projects/risifit-4defe 200
[debug] [2025-07-28T12:46:32.588Z] <<< [apiv2][body] GET https://cloudresourcemanager.googleapis.com/v1/projects/risifit-4defe {"projectNumber":"485424698583","projectId":"risifit-4defe","lifecycleState":"ACTIVE","name":"RisiFit","labels":{"firebase":"enabled","firebase-core":"disabled"},"createTime":"2025-06-16T20:19:18.041775Z"}
[info] i  functions: preparing codebase default for deployment 
[info] i  functions: ensuring required API cloudfunctions.googleapis.com is enabled... 
[info] i  functions: ensuring required API cloudbuild.googleapis.com is enabled... 
[info] i  artifactregistry: ensuring required API artifactregistry.googleapis.com is enabled... 
[debug] [2025-07-28T12:46:32.591Z] Checked if tokens are valid: true, expires at: 1753708948415
[debug] [2025-07-28T12:46:32.591Z] Checked if tokens are valid: true, expires at: 1753708948415
[debug] [2025-07-28T12:46:32.591Z] >>> [apiv2][query] GET https://firebase.googleapis.com/v1beta1/projects/risifit-4defe/adminSdkConfig [none]
[debug] [2025-07-28T12:46:33.299Z] <<< [apiv2][status] GET https://firebase.googleapis.com/v1beta1/projects/risifit-4defe/adminSdkConfig 200
[debug] [2025-07-28T12:46:33.299Z] <<< [apiv2][body] GET https://firebase.googleapis.com/v1beta1/projects/risifit-4defe/adminSdkConfig {"projectId":"risifit-4defe","storageBucket":"risifit-4defe.firebasestorage.app"}
[debug] [2025-07-28T12:46:33.299Z] Checked if tokens are valid: true, expires at: 1753708948415
[debug] [2025-07-28T12:46:33.300Z] Checked if tokens are valid: true, expires at: 1753708948415
[debug] [2025-07-28T12:46:33.300Z] >>> [apiv2][query] GET https://runtimeconfig.googleapis.com/v1beta1/projects/risifit-4defe/configs [none]
[debug] [2025-07-28T12:46:33.797Z] <<< [apiv2][status] GET https://runtimeconfig.googleapis.com/v1beta1/projects/risifit-4defe/configs 200
[debug] [2025-07-28T12:46:33.797Z] <<< [apiv2][body] GET https://runtimeconfig.googleapis.com/v1beta1/projects/risifit-4defe/configs {"configs":[{"name":"projects/risifit-4defe/configs/mail"},{"name":"projects/risifit-4defe/configs/sendgrid"}]}
[debug] [2025-07-28T12:46:33.797Z] Checked if tokens are valid: true, expires at: 1753708948415
[debug] [2025-07-28T12:46:33.797Z] Checked if tokens are valid: true, expires at: 1753708948415
[debug] [2025-07-28T12:46:33.797Z] Checked if tokens are valid: true, expires at: 1753708948415
[debug] [2025-07-28T12:46:33.797Z] Checked if tokens are valid: true, expires at: 1753708948415
[debug] [2025-07-28T12:46:33.797Z] >>> [apiv2][query] GET https://runtimeconfig.googleapis.com/v1beta1/projects/risifit-4defe/configs/mail/variables [none]
[debug] [2025-07-28T12:46:33.798Z] >>> [apiv2][query] GET https://runtimeconfig.googleapis.com/v1beta1/projects/risifit-4defe/configs/sendgrid/variables [none]
[debug] [2025-07-28T12:46:34.019Z] <<< [apiv2][status] GET https://runtimeconfig.googleapis.com/v1beta1/projects/risifit-4defe/configs/mail/variables 200
[debug] [2025-07-28T12:46:34.019Z] <<< [apiv2][body] GET https://runtimeconfig.googleapis.com/v1beta1/projects/risifit-4defe/configs/mail/variables {}
[debug] [2025-07-28T12:46:34.226Z] <<< [apiv2][status] GET https://runtimeconfig.googleapis.com/v1beta1/projects/risifit-4defe/configs/sendgrid/variables 200
[debug] [2025-07-28T12:46:34.226Z] <<< [apiv2][body] GET https://runtimeconfig.googleapis.com/v1beta1/projects/risifit-4defe/configs/sendgrid/variables {"variables":[{"name":"projects/risifit-4defe/configs/sendgrid/variables/key","updateTime":"2025-07-28T12:44:24.120246372Z"}]}
[debug] [2025-07-28T12:46:34.227Z] Checked if tokens are valid: true, expires at: 1753708948415
[debug] [2025-07-28T12:46:34.227Z] Checked if tokens are valid: true, expires at: 1753708948415
[debug] [2025-07-28T12:46:34.227Z] >>> [apiv2][query] GET https://runtimeconfig.googleapis.com/v1beta1/projects/risifit-4defe/configs/sendgrid/variables/key [none]
[debug] [2025-07-28T12:46:34.533Z] <<< [apiv2][status] GET https://runtimeconfig.googleapis.com/v1beta1/projects/risifit-4defe/configs/sendgrid/variables/key 200
[debug] [2025-07-28T12:46:34.533Z] <<< [apiv2][body] GET https://runtimeconfig.googleapis.com/v1beta1/projects/risifit-4defe/configs/sendgrid/variables/key {"name":"projects/risifit-4defe/configs/sendgrid/variables/key","updateTime":"2025-07-28T12:44:24.120246372Z","text":"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"}
[debug] [2025-07-28T12:46:34.534Z] Validating nodejs source
[debug] [2025-07-28T12:46:35.371Z] > [functions] package.json contents: {
  "name": "risifit-functions",
  "version": "1.0.0",
  "description": "Firebase Cloud Functions para RISIFIT",
  "main": "index.js",
  "scripts": {
    "deploy": "firebase deploy --only functions",
    "serve": "firebase emulators:start --only functions"
  },
  "dependencies": {
    "firebase-functions": "^5.1.0",
    "@sendgrid/mail": "^7.7.0",
    "firebase-admin": "^11.10.0"
  },
  "engines": {
    "node": "20"
  },
  "license": "MIT"
}
[debug] [2025-07-28T12:46:35.372Z] Building nodejs source
[info] i  functions: Loading and analyzing source code for codebase default to determine what to deploy 
[debug] [2025-07-28T12:46:35.373Z] Could not find functions.yaml. Must use http discovery
[debug] [2025-07-28T12:46:35.380Z] Found firebase-functions binary at 'C:\Users\hugob\app-RisiFit\functions\node_modules\.bin\firebase-functions'
[info] Serving at port 8820

[debug] [2025-07-28T12:46:35.894Z] Got response from /__/functions.yaml {"endpoints":{"enviarEmailBoasVindas":{"availableMemoryMb":null,"timeoutSeconds":null,"minInstances":null,"maxInstances":null,"ingressSettings":null,"concurrency":null,"serviceAccountEmail":null,"vpc":null,"platform":"gcfv2","labels":{},"callableTrigger":{},"entryPoint":"enviarEmailBoasVindas"}},"specVersion":"v1alpha1","requiredAPIs":[],"extensions":{}}
[info] i  extensions: ensuring required API firebaseextensions.googleapis.com is enabled... 
[debug] [2025-07-28T12:46:39.919Z] > command requires scopes: ["email","openid","https://www.googleapis.com/auth/cloudplatformprojects.readonly","https://www.googleapis.com/auth/firebase","https://www.googleapis.com/auth/cloud-platform"]
[debug] [2025-07-28T12:46:39.919Z] > authorizing via signed-in user (hugodiasbarbosa19052001@gmail.com)
[debug] [2025-07-28T12:46:39.919Z] [iam] checking project risifit-4defe for permissions ["firebase.projects.get","firebaseextensions.instances.list"]
[debug] [2025-07-28T12:46:39.919Z] Checked if tokens are valid: true, expires at: 1753708948415
[debug] [2025-07-28T12:46:39.919Z] Checked if tokens are valid: true, expires at: 1753708948415
[debug] [2025-07-28T12:46:39.919Z] >>> [apiv2][query] POST https://cloudresourcemanager.googleapis.com/v1/projects/risifit-4defe:testIamPermissions [none]
[debug] [2025-07-28T12:46:39.919Z] >>> [apiv2][(partial)header] POST https://cloudresourcemanager.googleapis.com/v1/projects/risifit-4defe:testIamPermissions x-goog-quota-user=projects/risifit-4defe
[debug] [2025-07-28T12:46:39.919Z] >>> [apiv2][body] POST https://cloudresourcemanager.googleapis.com/v1/projects/risifit-4defe:testIamPermissions {"permissions":["firebase.projects.get","firebaseextensions.instances.list"]}
[debug] [2025-07-28T12:46:40.654Z] <<< [apiv2][status] POST https://cloudresourcemanager.googleapis.com/v1/projects/risifit-4defe:testIamPermissions 200
[debug] [2025-07-28T12:46:40.655Z] <<< [apiv2][body] POST https://cloudresourcemanager.googleapis.com/v1/projects/risifit-4defe:testIamPermissions {"permissions":["firebase.projects.get","firebaseextensions.instances.list"]}
[debug] [2025-07-28T12:46:40.655Z] Checked if tokens are valid: true, expires at: 1753708948415
[debug] [2025-07-28T12:46:40.655Z] Checked if tokens are valid: true, expires at: 1753708948415
[debug] [2025-07-28T12:46:40.656Z] >>> [apiv2][query] GET https://firebaseextensions.googleapis.com/v1beta/projects/risifit-4defe/instances pageSize=100&pageToken=
[debug] [2025-07-28T12:46:41.539Z] <<< [apiv2][status] GET https://firebaseextensions.googleapis.com/v1beta/projects/risifit-4defe/instances 200
[debug] [2025-07-28T12:46:41.539Z] <<< [apiv2][body] GET https://firebaseextensions.googleapis.com/v1beta/projects/risifit-4defe/instances {}
[info] i  functions: Loaded environment variables from .env. 
[info] i  functions: preparing functions directory for uploading... 
[info] i  functions: packaged C:\Users\hugob\app-RisiFit\functions (39.33 KB) for uploading 
[debug] [2025-07-28T12:46:41.569Z] Checked if tokens are valid: true, expires at: 1753708948415
[debug] [2025-07-28T12:46:41.569Z] Checked if tokens are valid: true, expires at: 1753708948415
[debug] [2025-07-28T12:46:41.569Z] >>> [apiv2][query] GET https://cloudfunctions.googleapis.com/v1/projects/risifit-4defe/locations/-/functions [none]
[debug] [2025-07-28T12:46:42.312Z] <<< [apiv2][status] GET https://cloudfunctions.googleapis.com/v1/projects/risifit-4defe/locations/-/functions 200
[debug] [2025-07-28T12:46:42.312Z] <<< [apiv2][body] GET https://cloudfunctions.googleapis.com/v1/projects/risifit-4defe/locations/-/functions {}
[debug] [2025-07-28T12:46:42.313Z] Checked if tokens are valid: true, expires at: 1753708948415
[debug] [2025-07-28T12:46:42.313Z] Checked if tokens are valid: true, expires at: 1753708948415
[debug] [2025-07-28T12:46:42.313Z] >>> [apiv2][query] GET https://cloudfunctions.googleapis.com/v2/projects/risifit-4defe/locations/-/functions filter=environment%3D%22GEN_2%22
[debug] [2025-07-28T12:46:43.345Z] <<< [apiv2][status] GET https://cloudfunctions.googleapis.com/v2/projects/risifit-4defe/locations/-/functions 200
[debug] [2025-07-28T12:46:43.345Z] <<< [apiv2][body] GET https://cloudfunctions.googleapis.com/v2/projects/risifit-4defe/locations/-/functions {"functions":[{"name":"projects/risifit-4defe/locations/us-central1/functions/enviarEmailBoasVindas","buildConfig":{"build":"projects/485424698583/locations/us-central1/builds/cf9c91db-0167-41fc-9ead-80cd38f2948a","runtime":"nodejs20","entryPoint":"enviarEmailBoasVindas","source":{"storageSource":{"bucket":"gcf-v2-sources-485424698583-us-central1","object":"enviarEmailBoasVindas/function-source.zip","generation":"1753705886987942"}},"environmentVariables":{"GOOGLE_NODE_RUN_SCRIPTS":""},"dockerRepository":"projects/risifit-4defe/locations/us-central1/repositories/gcf-artifacts","sourceProvenance":{"resolvedStorageSource":{"bucket":"gcf-v2-sources-485424698583-us-central1","object":"enviarEmailBoasVindas/function-source.zip","generation":"1753705886987942"}},"dockerRegistry":"ARTIFACT_REGISTRY","serviceAccount":"projects/risifit-4defe/serviceAccounts/485424698583-compute@developer.gserviceaccount.com","automaticUpdatePolicy":{}},"state":"FAILED","updateTime":"2025-07-28T12:32:21.158089206Z","labels":{"deployment-tool":"cli-firebase","deployment-callable":"true","firebase-functions-hash":"1deeb92fe098bd731d2fd0ef9d69eac120cd5566"},"stateMessages":[{"severity":"ERROR","type":"CloudRunServiceNotFound","message":"Cloud Run service projects/risifit-4defe/locations/us-central1/services/enviaremailboasvindas for the function was not found. The function will not work correctly. Please redeploy."}],"environment":"GEN_2","url":"https://us-central1-risifit-4defe.cloudfunctions.net/enviarEmailBoasVindas","createTime":"2025-07-28T12:31:27.297048460Z","satisfiesPzi":true}]}
[info] i  functions: ensuring required API run.googleapis.com is enabled... 
[info] i  functions: ensuring required API eventarc.googleapis.com is enabled... 
[info] i  functions: ensuring required API pubsub.googleapis.com is enabled... 
[info] i  functions: ensuring required API storage.googleapis.com is enabled... 
[info] i  functions: generating the service identity for pubsub.googleapis.com... 
[debug] [2025-07-28T12:46:43.349Z] Checked if tokens are valid: true, expires at: 1753708948415
[debug] [2025-07-28T12:46:43.349Z] Checked if tokens are valid: true, expires at: 1753708948415
[info] i  functions: generating the service identity for eventarc.googleapis.com... 
[debug] [2025-07-28T12:46:43.349Z] Checked if tokens are valid: true, expires at: 1753708948415
[debug] [2025-07-28T12:46:43.349Z] Checked if tokens are valid: true, expires at: 1753708948415
[debug] [2025-07-28T12:46:43.349Z] >>> [apiv2][query] POST https://serviceusage.googleapis.com/v1beta1/projects/485424698583/services/pubsub.googleapis.com:generateServiceIdentity [none]
[debug] [2025-07-28T12:46:43.349Z] >>> [apiv2][(partial)header] POST https://serviceusage.googleapis.com/v1beta1/projects/485424698583/services/pubsub.googleapis.com:generateServiceIdentity x-goog-quota-user=projects/485424698583
[debug] [2025-07-28T12:46:43.349Z] >>> [apiv2][body] POST https://serviceusage.googleapis.com/v1beta1/projects/485424698583/services/pubsub.googleapis.com:generateServiceIdentity {}
[debug] [2025-07-28T12:46:43.350Z] >>> [apiv2][query] POST https://serviceusage.googleapis.com/v1beta1/projects/485424698583/services/eventarc.googleapis.com:generateServiceIdentity [none]
[debug] [2025-07-28T12:46:43.350Z] >>> [apiv2][(partial)header] POST https://serviceusage.googleapis.com/v1beta1/projects/485424698583/services/eventarc.googleapis.com:generateServiceIdentity x-goog-quota-user=projects/485424698583
[debug] [2025-07-28T12:46:43.350Z] >>> [apiv2][body] POST https://serviceusage.googleapis.com/v1beta1/projects/485424698583/services/eventarc.googleapis.com:generateServiceIdentity {}
[debug] [2025-07-28T12:46:44.370Z] <<< [apiv2][status] POST https://serviceusage.googleapis.com/v1beta1/projects/485424698583/services/eventarc.googleapis.com:generateServiceIdentity 200
[debug] [2025-07-28T12:46:44.370Z] <<< [apiv2][body] POST https://serviceusage.googleapis.com/v1beta1/projects/485424698583/services/eventarc.googleapis.com:generateServiceIdentity {"name":"operations/finished.DONE_OPERATION","done":true,"response":{"@type":"type.googleapis.com/google.api.serviceusage.v1beta1.ServiceIdentity","email":"service-485424698583@gcp-sa-eventarc.iam.gserviceaccount.com","uniqueId":"112066245098653930611"}}
[debug] [2025-07-28T12:46:44.372Z] <<< [apiv2][status] POST https://serviceusage.googleapis.com/v1beta1/projects/485424698583/services/pubsub.googleapis.com:generateServiceIdentity 200
[debug] [2025-07-28T12:46:44.372Z] <<< [apiv2][body] POST https://serviceusage.googleapis.com/v1beta1/projects/485424698583/services/pubsub.googleapis.com:generateServiceIdentity {"name":"operations/finished.DONE_OPERATION","done":true,"response":{"@type":"type.googleapis.com/google.api.serviceusage.v1beta1.ServiceIdentity","email":"service-485424698583@gcp-sa-pubsub.iam.gserviceaccount.com","uniqueId":"101262183799775902312"}}
[debug] [2025-07-28T12:46:44.374Z] Checked if tokens are valid: true, expires at: 1753708948415
[debug] [2025-07-28T12:46:44.374Z] Checked if tokens are valid: true, expires at: 1753708948415
[debug] [2025-07-28T12:46:44.374Z] >>> [apiv2][query] GET https://cloudresourcemanager.googleapis.com/v1/projects/risifit-4defe [none]
[debug] [2025-07-28T12:46:44.562Z] <<< [apiv2][status] GET https://cloudresourcemanager.googleapis.com/v1/projects/risifit-4defe 200
[debug] [2025-07-28T12:46:44.563Z] <<< [apiv2][body] GET https://cloudresourcemanager.googleapis.com/v1/projects/risifit-4defe {"projectNumber":"485424698583","projectId":"risifit-4defe","lifecycleState":"ACTIVE","name":"RisiFit","labels":{"firebase":"enabled","firebase-core":"disabled"},"createTime":"2025-06-16T20:19:18.041775Z"}
[debug] [2025-07-28T12:46:44.563Z] Checked if tokens are valid: true, expires at: 1753708948415
[debug] [2025-07-28T12:46:44.563Z] Checked if tokens are valid: true, expires at: 1753708948415
[debug] [2025-07-28T12:46:44.563Z] >>> [apiv2][query] GET https://compute.googleapis.com/compute/v1/projects/485424698583 [none]
[debug] [2025-07-28T12:46:44.875Z] <<< [apiv2][status] GET https://compute.googleapis.com/compute/v1/projects/485424698583 403
[debug] [2025-07-28T12:46:44.875Z] <<< [apiv2][body] GET https://compute.googleapis.com/compute/v1/projects/485424698583 {"error":{"code":403,"message":"Compute Engine API has not been used in project 485424698583 before or it is disabled. Enable it by visiting https://console.developers.google.com/apis/api/compute.googleapis.com/overview?project=485424698583 then retry. If you enabled this API recently, wait a few minutes for the action to propagate to our systems and retry.","errors":[{"message":"Compute Engine API has not been used in project 485424698583 before or it is disabled. Enable it by visiting https://console.developers.google.com/apis/api/compute.googleapis.com/overview?project=485424698583 then retry. If you enabled this API recently, wait a few minutes for the action to propagate to our systems and retry.","domain":"usageLimits","reason":"accessNotConfigured","extendedHelp":"https://console.developers.google.com"}],"status":"PERMISSION_DENIED","details":[{"@type":"type.googleapis.com/google.rpc.ErrorInfo","reason":"SERVICE_DISABLED","domain":"googleapis.com","metadata":{"service":"compute.googleapis.com","containerInfo":"485424698583","consumer":"projects/485424698583","serviceTitle":"Compute Engine API","activationUrl":"https://console.developers.google.com/apis/api/compute.googleapis.com/overview?project=485424698583"}},{"@type":"type.googleapis.com/google.rpc.LocalizedMessage","locale":"en-US","message":"Compute Engine API has not been used in project 485424698583 before or it is disabled. Enable it by visiting https://console.developers.google.com/apis/api/compute.googleapis.com/overview?project=485424698583 then retry. If you enabled this API recently, wait a few minutes for the action to propagate to our systems and retry."},{"@type":"type.googleapis.com/google.rpc.Help","links":[{"description":"Google developers console API activation","url":"https://console.developers.google.com/apis/api/compute.googleapis.com/overview?project=485424698583"}]}]}}
[debug] [2025-07-28T12:46:44.876Z] unable to look up default compute service account. Falling back to 485424698583-compute@developer.gserviceaccount.com. Error: {"name":"FirebaseError","children":[],"context":{"body":{"error":{"code":403,"message":"Compute Engine API has not been used in project 485424698583 before or it is disabled. Enable it by visiting https://console.developers.google.com/apis/api/compute.googleapis.com/overview?project=485424698583 then retry. If you enabled this API recently, wait a few minutes for the action to propagate to our systems and retry.","errors":[{"message":"Compute Engine API has not been used in project 485424698583 before or it is disabled. Enable it by visiting https://console.developers.google.com/apis/api/compute.googleapis.com/overview?project=485424698583 then retry. If you enabled this API recently, wait a few minutes for the action to propagate to our systems and retry.","domain":"usageLimits","reason":"accessNotConfigured","extendedHelp":"https://console.developers.google.com"}],"status":"PERMISSION_DENIED","details":[{"@type":"type.googleapis.com/google.rpc.ErrorInfo","reason":"SERVICE_DISABLED","domain":"googleapis.com","metadata":{"service":"compute.googleapis.com","containerInfo":"485424698583","consumer":"projects/485424698583","serviceTitle":"Compute Engine API","activationUrl":"https://console.developers.google.com/apis/api/compute.googleapis.com/overview?project=485424698583"}},{"@type":"type.googleapis.com/google.rpc.LocalizedMessage","locale":"en-US","message":"Compute Engine API has not been used in project 485424698583 before or it is disabled. Enable it by visiting https://console.developers.google.com/apis/api/compute.googleapis.com/overview?project=485424698583 then retry. If you enabled this API recently, wait a few minutes for the action to propagate to our systems and retry."},{"@type":"type.googleapis.com/google.rpc.Help","links":[{"description":"Google developers console API activation","url":"https://console.developers.google.com/apis/api/compute.googleapis.com/overview?project=485424698583"}]}]}},"response":{"statusCode":403}},"exit":1,"message":"Request to https://compute.googleapis.com/compute/v1/projects/485424698583 had HTTP Error: 403, Compute Engine API has not been used in project 485424698583 before or it is disabled. Enable it by visiting https://console.developers.google.com/apis/api/compute.googleapis.com/overview?project=485424698583 then retry. If you enabled this API recently, wait a few minutes for the action to propagate to our systems and retry.","status":403}
[debug] [2025-07-28T12:46:44.876Z] Checked if tokens are valid: true, expires at: 1753708948415
[debug] [2025-07-28T12:46:44.876Z] Checked if tokens are valid: true, expires at: 1753708948415
[debug] [2025-07-28T12:46:44.876Z] >>> [apiv2][query] GET https://compute.googleapis.com/compute/v1/projects/485424698583 [none]
[debug] [2025-07-28T12:46:45.077Z] <<< [apiv2][status] GET https://compute.googleapis.com/compute/v1/projects/485424698583 403
[debug] [2025-07-28T12:46:45.077Z] <<< [apiv2][body] GET https://compute.googleapis.com/compute/v1/projects/485424698583 {"error":{"code":403,"message":"Compute Engine API has not been used in project 485424698583 before or it is disabled. Enable it by visiting https://console.developers.google.com/apis/api/compute.googleapis.com/overview?project=485424698583 then retry. If you enabled this API recently, wait a few minutes for the action to propagate to our systems and retry.","errors":[{"message":"Compute Engine API has not been used in project 485424698583 before or it is disabled. Enable it by visiting https://console.developers.google.com/apis/api/compute.googleapis.com/overview?project=485424698583 then retry. If you enabled this API recently, wait a few minutes for the action to propagate to our systems and retry.","domain":"usageLimits","reason":"accessNotConfigured","extendedHelp":"https://console.developers.google.com"}],"status":"PERMISSION_DENIED","details":[{"@type":"type.googleapis.com/google.rpc.ErrorInfo","reason":"SERVICE_DISABLED","domain":"googleapis.com","metadata":{"activationUrl":"https://console.developers.google.com/apis/api/compute.googleapis.com/overview?project=485424698583","service":"compute.googleapis.com","consumer":"projects/485424698583","serviceTitle":"Compute Engine API","containerInfo":"485424698583"}},{"@type":"type.googleapis.com/google.rpc.LocalizedMessage","locale":"en-US","message":"Compute Engine API has not been used in project 485424698583 before or it is disabled. Enable it by visiting https://console.developers.google.com/apis/api/compute.googleapis.com/overview?project=485424698583 then retry. If you enabled this API recently, wait a few minutes for the action to propagate to our systems and retry."},{"@type":"type.googleapis.com/google.rpc.Help","links":[{"description":"Google developers console API activation","url":"https://console.developers.google.com/apis/api/compute.googleapis.com/overview?project=485424698583"}]}]}}
[debug] [2025-07-28T12:46:45.077Z] unable to look up default compute service account. Falling back to 485424698583-compute@developer.gserviceaccount.com. Error: {"name":"FirebaseError","children":[],"context":{"body":{"error":{"code":403,"message":"Compute Engine API has not been used in project 485424698583 before or it is disabled. Enable it by visiting https://console.developers.google.com/apis/api/compute.googleapis.com/overview?project=485424698583 then retry. If you enabled this API recently, wait a few minutes for the action to propagate to our systems and retry.","errors":[{"message":"Compute Engine API has not been used in project 485424698583 before or it is disabled. Enable it by visiting https://console.developers.google.com/apis/api/compute.googleapis.com/overview?project=485424698583 then retry. If you enabled this API recently, wait a few minutes for the action to propagate to our systems and retry.","domain":"usageLimits","reason":"accessNotConfigured","extendedHelp":"https://console.developers.google.com"}],"status":"PERMISSION_DENIED","details":[{"@type":"type.googleapis.com/google.rpc.ErrorInfo","reason":"SERVICE_DISABLED","domain":"googleapis.com","metadata":{"activationUrl":"https://console.developers.google.com/apis/api/compute.googleapis.com/overview?project=485424698583","service":"compute.googleapis.com","consumer":"projects/485424698583","serviceTitle":"Compute Engine API","containerInfo":"485424698583"}},{"@type":"type.googleapis.com/google.rpc.LocalizedMessage","locale":"en-US","message":"Compute Engine API has not been used in project 485424698583 before or it is disabled. Enable it by visiting https://console.developers.google.com/apis/api/compute.googleapis.com/overview?project=485424698583 then retry. If you enabled this API recently, wait a few minutes for the action to propagate to our systems and retry."},{"@type":"type.googleapis.com/google.rpc.Help","links":[{"description":"Google developers console API activation","url":"https://console.developers.google.com/apis/api/compute.googleapis.com/overview?project=485424698583"}]}]}},"response":{"statusCode":403}},"exit":1,"message":"Request to https://compute.googleapis.com/compute/v1/projects/485424698583 had HTTP Error: 403, Compute Engine API has not been used in project 485424698583 before or it is disabled. Enable it by visiting https://console.developers.google.com/apis/api/compute.googleapis.com/overview?project=485424698583 then retry. If you enabled this API recently, wait a few minutes for the action to propagate to our systems and retry.","status":403}
[debug] [2025-07-28T12:46:45.078Z] Checked if tokens are valid: true, expires at: 1753708948415
[debug] [2025-07-28T12:46:45.078Z] Checked if tokens are valid: true, expires at: 1753708948415
[debug] [2025-07-28T12:46:45.078Z] >>> [apiv2][query] GET https://cloudbilling.googleapis.com/v1/projects/risifit-4defe/billingInfo [none]
[debug] [2025-07-28T12:46:45.723Z] <<< [apiv2][status] GET https://cloudbilling.googleapis.com/v1/projects/risifit-4defe/billingInfo 200
[debug] [2025-07-28T12:46:45.723Z] <<< [apiv2][body] GET https://cloudbilling.googleapis.com/v1/projects/risifit-4defe/billingInfo {"name":"projects/risifit-4defe/billingInfo","projectId":"risifit-4defe","billingAccountName":"billingAccounts/01610D-77C06F-A1BC25","billingEnabled":true}
[debug] [2025-07-28T12:46:45.724Z] Checked if tokens are valid: true, expires at: 1753708948415
[debug] [2025-07-28T12:46:45.724Z] Checked if tokens are valid: true, expires at: 1753708948415
[debug] [2025-07-28T12:46:45.724Z] >>> [apiv2][query] POST https://cloudfunctions.googleapis.com/v2/projects/risifit-4defe/locations/us-central1/functions:generateUploadUrl [none]
[debug] [2025-07-28T12:46:46.514Z] <<< [apiv2][status] POST https://cloudfunctions.googleapis.com/v2/projects/risifit-4defe/locations/us-central1/functions:generateUploadUrl 200
[debug] [2025-07-28T12:46:46.514Z] <<< [apiv2][body] POST https://cloudfunctions.googleapis.com/v2/projects/risifit-4defe/locations/us-central1/functions:generateUploadUrl {"uploadUrl":"https://storage.googleapis.com/gcf-v2-uploads-485424698583.us-central1.cloudfunctions.appspot.com/faeb568e-8c04-4779-ac70-d1638383e760.zip?GoogleAccessId=service-485424698583@gcf-admin-robot.iam.gserviceaccount.com&Expires=1753708606&Signature=j735%2FvZtTkKZDGKtxaWz7pnESWv47UXsd7RC7gjld52YpSSOZlTTeZ9l%2FZMsQZeFjY55BXjjJcmA54HHN5uqdR98d77e6ktP8o1xTpTEIC0SAm6yLBUYqAfbcVG6GaH%2Fr04NuB9aE9iHXKWnpjBdLR65iix%2BlJ8zi4jfy1fy0kaZQt1PG8Jfk%2Bq4Ooye3em%2FcWqZkzufPnPmAoLz5x46s%2FDiQvBggy%2F58Um835r9jXK%2FvcuVW5z5MJT%2BustxUSu%2FgTG71ebebfpdBMIN%2F%2F7V5xRa6cG5yFLxMhXyBS1wbRkBiEDJAH7WQNWHeYKQjOrhqL0kTD4xHic3LgClfgaoiw%3D%3D","storageSource":{"bucket":"gcf-v2-uploads-485424698583.us-central1.cloudfunctions.appspot.com","object":"faeb568e-8c04-4779-ac70-d1638383e760.zip"}}
[debug] [2025-07-28T12:46:46.514Z] >>> [apiv2][query] PUT https://storage.googleapis.com/gcf-v2-uploads-485424698583.us-central1.cloudfunctions.appspot.com/faeb568e-8c04-4779-ac70-d1638383e760.zip GoogleAccessId=service-485424698583%40gcf-admin-robot.iam.gserviceaccount.com&Expires=1753708606&Signature=j735%2FvZtTkKZDGKtxaWz7pnESWv47UXsd7RC7gjld52YpSSOZlTTeZ9l%2FZMsQZeFjY55BXjjJcmA54HHN5uqdR98d77e6ktP8o1xTpTEIC0SAm6yLBUYqAfbcVG6GaH%2Fr04NuB9aE9iHXKWnpjBdLR65iix%2BlJ8zi4jfy1fy0kaZQt1PG8Jfk%2Bq4Ooye3em%2FcWqZkzufPnPmAoLz5x46s%2FDiQvBggy%2F58Um835r9jXK%2FvcuVW5z5MJT%2BustxUSu%2FgTG71ebebfpdBMIN%2F%2F7V5xRa6cG5yFLxMhXyBS1wbRkBiEDJAH7WQNWHeYKQjOrhqL0kTD4xHic3LgClfgaoiw%3D%3D
[debug] [2025-07-28T12:46:46.514Z] >>> [apiv2][body] PUT https://storage.googleapis.com/gcf-v2-uploads-485424698583.us-central1.cloudfunctions.appspot.com/faeb568e-8c04-4779-ac70-d1638383e760.zip [stream]
[debug] [2025-07-28T12:46:46.961Z] <<< [apiv2][status] PUT https://storage.googleapis.com/gcf-v2-uploads-485424698583.us-central1.cloudfunctions.appspot.com/faeb568e-8c04-4779-ac70-d1638383e760.zip 200
[debug] [2025-07-28T12:46:46.961Z] <<< [apiv2][body] PUT https://storage.googleapis.com/gcf-v2-uploads-485424698583.us-central1.cloudfunctions.appspot.com/faeb568e-8c04-4779-ac70-d1638383e760.zip [omitted]
[info] +  functions: functions folder uploaded successfully 
[info] i  functions: updating Node.js 20 (2nd Gen) function enviarEmailBoasVindas(us-central1)... 
[debug] [2025-07-28T12:46:46.965Z] Checked if tokens are valid: true, expires at: 1753708948415
[debug] [2025-07-28T12:46:46.965Z] Checked if tokens are valid: true, expires at: 1753708948415
[debug] [2025-07-28T12:46:46.965Z] >>> [apiv2][query] PATCH https://cloudfunctions.googleapis.com/v2/projects/risifit-4defe/locations/us-central1/functions/enviarEmailBoasVindas updateMask=name%2CbuildConfig.runtime%2CbuildConfig.entryPoint%2CbuildConfig.source.storageSource.bucket%2CbuildConfig.source.storageSource.object%2CbuildConfig.environmentVariables%2CbuildConfig.sourceToken%2CserviceConfig.environmentVariables%2CserviceConfig.ingressSettings%2CserviceConfig.timeoutSeconds%2CserviceConfig.serviceAccountEmail%2CserviceConfig.availableMemory%2CserviceConfig.minInstanceCount%2CserviceConfig.maxInstanceCount%2CserviceConfig.maxInstanceRequestConcurrency%2CserviceConfig.availableCpu%2CserviceConfig.vpcConnector%2CserviceConfig.vpcConnectorEgressSettings%2Clabels
[debug] [2025-07-28T12:46:46.965Z] >>> [apiv2][body] PATCH https://cloudfunctions.googleapis.com/v2/projects/risifit-4defe/locations/us-central1/functions/enviarEmailBoasVindas {"name":"projects/risifit-4defe/locations/us-central1/functions/enviarEmailBoasVindas","buildConfig":{"runtime":"nodejs20","entryPoint":"enviarEmailBoasVindas","source":{"storageSource":{"bucket":"gcf-v2-uploads-485424698583.us-central1.cloudfunctions.appspot.com","object":"faeb568e-8c04-4779-ac70-d1638383e760.zip"}},"environmentVariables":{"GOOGLE_NODE_RUN_SCRIPTS":""}},"serviceConfig":{"environmentVariables":{"SENDGRID_API_KEY":"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","FIREBASE_CONFIG":"{\"projectId\":\"risifit-4defe\",\"storageBucket\":\"risifit-4defe.firebasestorage.app\"}","GCLOUD_PROJECT":"risifit-4defe","EVENTARC_CLOUD_EVENT_SOURCE":"projects/risifit-4defe/locations/us-central1/services/enviarEmailBoasVindas","FUNCTION_TARGET":"enviarEmailBoasVindas","LOG_EXECUTION_ID":"true"},"ingressSettings":null,"timeoutSeconds":null,"serviceAccountEmail":null,"availableMemory":"256Mi","minInstanceCount":null,"maxInstanceCount":null,"maxInstanceRequestConcurrency":80,"availableCpu":"1","vpcConnector":null,"vpcConnectorEgressSettings":null},"labels":{"deployment-tool":"cli-firebase","deployment-callable":"true","firebase-functions-hash":"8625ab1ffeb171a9fa3f0e7a58a6fbc382ca5382"}}
[debug] [2025-07-28T12:46:48.888Z] <<< [apiv2][status] PATCH https://cloudfunctions.googleapis.com/v2/projects/risifit-4defe/locations/us-central1/functions/enviarEmailBoasVindas 200
[debug] [2025-07-28T12:46:48.888Z] <<< [apiv2][body] PATCH https://cloudfunctions.googleapis.com/v2/projects/risifit-4defe/locations/us-central1/functions/enviarEmailBoasVindas {"name":"projects/risifit-4defe/locations/us-central1/operations/operation-1753706807430-63afcaf4c0e84-d4e0410f-64ad10a4","metadata":{"@type":"type.googleapis.com/google.cloud.functions.v2.OperationMetadata","createTime":"2025-07-28T12:46:48.618614933Z","target":"projects/risifit-4defe/locations/us-central1/functions/enviarEmailBoasVindas","verb":"update","cancelRequested":false,"apiVersion":"v2"},"done":false}
[debug] [2025-07-28T12:46:48.888Z] Checked if tokens are valid: true, expires at: 1753708948415
[debug] [2025-07-28T12:46:48.888Z] Checked if tokens are valid: true, expires at: 1753708948415
[debug] [2025-07-28T12:46:48.888Z] >>> [apiv2][query] GET https://cloudfunctions.googleapis.com/v2/projects/risifit-4defe/locations/us-central1/operations/operation-1753706807430-63afcaf4c0e84-d4e0410f-64ad10a4 [none]
[debug] [2025-07-28T12:46:49.578Z] <<< [apiv2][status] GET https://cloudfunctions.googleapis.com/v2/projects/risifit-4defe/locations/us-central1/operations/operation-1753706807430-63afcaf4c0e84-d4e0410f-64ad10a4 200
[debug] [2025-07-28T12:46:49.578Z] <<< [apiv2][body] GET https://cloudfunctions.googleapis.com/v2/projects/risifit-4defe/locations/us-central1/operations/operation-1753706807430-63afcaf4c0e84-d4e0410f-64ad10a4 {"name":"projects/risifit-4defe/locations/us-central1/operations/operation-1753706807430-63afcaf4c0e84-d4e0410f-64ad10a4","metadata":{"@type":"type.googleapis.com/google.cloud.functions.v2.OperationMetadata","createTime":"2025-07-28T12:46:48.618614933Z","target":"projects/risifit-4defe/locations/us-central1/functions/enviarEmailBoasVindas","verb":"update","cancelRequested":false,"apiVersion":"v2","requestResource":{"@type":"type.googleapis.com/google.cloud.functions.v2.Function","name":"projects/risifit-4defe/locations/us-central1/functions/enviarEmailBoasVindas","buildConfig":{"runtime":"nodejs20","entryPoint":"enviarEmailBoasVindas","source":{"storageSource":{"bucket":"gcf-v2-sources-485424698583-us-central1","object":"enviarEmailBoasVindas/function-source.zip","generation":"1753706808570681"}},"environmentVariables":{"GOOGLE_NODE_RUN_SCRIPTS":""},"dockerRepository":"projects/risifit-4defe/locations/us-central1/repositories/gcf-artifacts","sourceProvenance":{"resolvedStorageSource":{"bucket":"gcf-v2-sources-485424698583-us-central1","object":"enviarEmailBoasVindas/function-source.zip","generation":"1753705886987942"}},"dockerRegistry":"ARTIFACT_REGISTRY","serviceAccount":"projects/risifit-4defe/serviceAccounts/485424698583-compute@developer.gserviceaccount.com","automaticUpdatePolicy":{}},"serviceConfig":{"service":"projects/risifit-4defe/locations/us-central1/services/enviaremailboasvindas","timeoutSeconds":60,"environmentVariables":{"SENDGRID_API_KEY":"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","FIREBASE_CONFIG":"{\"projectId\":\"risifit-4defe\",\"storageBucket\":\"risifit-4defe.firebasestorage.app\"}","GCLOUD_PROJECT":"risifit-4defe","EVENTARC_CLOUD_EVENT_SOURCE":"projects/risifit-4defe/locations/us-central1/services/enviarEmailBoasVindas","FUNCTION_TARGET":"enviarEmailBoasVindas","LOG_EXECUTION_ID":"true"},"ingressSettings":"ALLOW_ALL","serviceAccountEmail":"485424698583-compute@developer.gserviceaccount.com","availableMemory":"256Mi","maxInstanceRequestConcurrency":80,"availableCpu":"1"},"state":"FAILED","labels":{"deployment-callable":"true","firebase-functions-hash":"8625ab1ffeb171a9fa3f0e7a58a6fbc382ca5382"},"stateMessages":[{"severity":"ERROR","type":"CloudRunServiceNotFound","message":"Cloud Run service projects/risifit-4defe/locations/us-central1/services/enviaremailboasvindas for the function was not found. The function will not work correctly. Please redeploy."}],"environment":"GEN_2","url":"https://us-central1-risifit-4defe.cloudfunctions.net/enviarEmailBoasVindas","satisfiesPzi":true},"stages":[{"name":"BUILD","state":"NOT_STARTED"},{"name":"SERVICE","state":"NOT_STARTED"}],"operationType":"UPDATE_FUNCTION"},"done":false}
[debug] [2025-07-28T12:46:50.080Z] [update-default-us-central1-enviarEmailBoasVindas] Retrying task index 0
[debug] [2025-07-28T12:46:50.081Z] Checked if tokens are valid: true, expires at: 1753708948415
[debug] [2025-07-28T12:46:50.081Z] Checked if tokens are valid: true, expires at: 1753708948415
[debug] [2025-07-28T12:46:50.081Z] >>> [apiv2][query] GET https://cloudfunctions.googleapis.com/v2/projects/risifit-4defe/locations/us-central1/operations/operation-1753706807430-63afcaf4c0e84-d4e0410f-64ad10a4 [none]
[debug] [2025-07-28T12:46:50.766Z] <<< [apiv2][status] GET https://cloudfunctions.googleapis.com/v2/projects/risifit-4defe/locations/us-central1/operations/operation-1753706807430-63afcaf4c0e84-d4e0410f-64ad10a4 200
[debug] [2025-07-28T12:46:50.766Z] <<< [apiv2][body] GET https://cloudfunctions.googleapis.com/v2/projects/risifit-4defe/locations/us-central1/operations/operation-1753706807430-63afcaf4c0e84-d4e0410f-64ad10a4 {"name":"projects/risifit-4defe/locations/us-central1/operations/operation-1753706807430-63afcaf4c0e84-d4e0410f-64ad10a4","metadata":{"@type":"type.googleapis.com/google.cloud.functions.v2.OperationMetadata","createTime":"2025-07-28T12:46:48.618614933Z","target":"projects/risifit-4defe/locations/us-central1/functions/enviarEmailBoasVindas","verb":"update","cancelRequested":false,"apiVersion":"v2","requestResource":{"@type":"type.googleapis.com/google.cloud.functions.v2.Function","name":"projects/risifit-4defe/locations/us-central1/functions/enviarEmailBoasVindas","buildConfig":{"runtime":"nodejs20","entryPoint":"enviarEmailBoasVindas","source":{"storageSource":{"bucket":"gcf-v2-sources-485424698583-us-central1","object":"enviarEmailBoasVindas/function-source.zip","generation":"1753706808570681"}},"environmentVariables":{"GOOGLE_NODE_RUN_SCRIPTS":""},"dockerRepository":"projects/risifit-4defe/locations/us-central1/repositories/gcf-artifacts","sourceProvenance":{"resolvedStorageSource":{"bucket":"gcf-v2-sources-485424698583-us-central1","object":"enviarEmailBoasVindas/function-source.zip","generation":"1753705886987942"}},"dockerRegistry":"ARTIFACT_REGISTRY","serviceAccount":"projects/risifit-4defe/serviceAccounts/485424698583-compute@developer.gserviceaccount.com","automaticUpdatePolicy":{}},"serviceConfig":{"service":"projects/risifit-4defe/locations/us-central1/services/enviaremailboasvindas","timeoutSeconds":60,"environmentVariables":{"SENDGRID_API_KEY":"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","FIREBASE_CONFIG":"{\"projectId\":\"risifit-4defe\",\"storageBucket\":\"risifit-4defe.firebasestorage.app\"}","GCLOUD_PROJECT":"risifit-4defe","EVENTARC_CLOUD_EVENT_SOURCE":"projects/risifit-4defe/locations/us-central1/services/enviarEmailBoasVindas","FUNCTION_TARGET":"enviarEmailBoasVindas","LOG_EXECUTION_ID":"true"},"ingressSettings":"ALLOW_ALL","serviceAccountEmail":"485424698583-compute@developer.gserviceaccount.com","availableMemory":"256Mi","maxInstanceRequestConcurrency":80,"availableCpu":"1"},"state":"FAILED","labels":{"deployment-callable":"true","firebase-functions-hash":"8625ab1ffeb171a9fa3f0e7a58a6fbc382ca5382"},"stateMessages":[{"severity":"ERROR","type":"CloudRunServiceNotFound","message":"Cloud Run service projects/risifit-4defe/locations/us-central1/services/enviaremailboasvindas for the function was not found. The function will not work correctly. Please redeploy."}],"environment":"GEN_2","url":"https://us-central1-risifit-4defe.cloudfunctions.net/enviarEmailBoasVindas","satisfiesPzi":true},"stages":[{"name":"BUILD","message":"Build in progress","state":"IN_PROGRESS","resource":"projects/485424698583/locations/us-central1/builds/f9120b07-3ab6-4f94-a037-0806b22235ec","resourceUri":"https://console.cloud.google.com/cloud-build/builds;region=us-central1/f9120b07-3ab6-4f94-a037-0806b22235ec?project=485424698583"},{"name":"SERVICE","state":"NOT_STARTED"}],"operationType":"UPDATE_FUNCTION","buildName":"projects/485424698583/locations/us-central1/builds/f9120b07-3ab6-4f94-a037-0806b22235ec"},"done":false}
[debug] [2025-07-28T12:46:51.767Z] [update-default-us-central1-enviarEmailBoasVindas] Retrying task index 0
[debug] [2025-07-28T12:46:51.767Z] Checked if tokens are valid: true, expires at: 1753708948415
[debug] [2025-07-28T12:46:51.768Z] Checked if tokens are valid: true, expires at: 1753708948415
[debug] [2025-07-28T12:46:51.768Z] >>> [apiv2][query] GET https://cloudfunctions.googleapis.com/v2/projects/risifit-4defe/locations/us-central1/operations/operation-1753706807430-63afcaf4c0e84-d4e0410f-64ad10a4 [none]
[debug] [2025-07-28T12:46:52.552Z] <<< [apiv2][status] GET https://cloudfunctions.googleapis.com/v2/projects/risifit-4defe/locations/us-central1/operations/operation-1753706807430-63afcaf4c0e84-d4e0410f-64ad10a4 200
[debug] [2025-07-28T12:46:52.552Z] <<< [apiv2][body] GET https://cloudfunctions.googleapis.com/v2/projects/risifit-4defe/locations/us-central1/operations/operation-1753706807430-63afcaf4c0e84-d4e0410f-64ad10a4 {"name":"projects/risifit-4defe/locations/us-central1/operations/operation-1753706807430-63afcaf4c0e84-d4e0410f-64ad10a4","metadata":{"@type":"type.googleapis.com/google.cloud.functions.v2.OperationMetadata","createTime":"2025-07-28T12:46:48.618614933Z","target":"projects/risifit-4defe/locations/us-central1/functions/enviarEmailBoasVindas","verb":"update","cancelRequested":false,"apiVersion":"v2","requestResource":{"@type":"type.googleapis.com/google.cloud.functions.v2.Function","name":"projects/risifit-4defe/locations/us-central1/functions/enviarEmailBoasVindas","buildConfig":{"runtime":"nodejs20","entryPoint":"enviarEmailBoasVindas","source":{"storageSource":{"bucket":"gcf-v2-sources-485424698583-us-central1","object":"enviarEmailBoasVindas/function-source.zip","generation":"1753706808570681"}},"environmentVariables":{"GOOGLE_NODE_RUN_SCRIPTS":""},"dockerRepository":"projects/risifit-4defe/locations/us-central1/repositories/gcf-artifacts","sourceProvenance":{"resolvedStorageSource":{"bucket":"gcf-v2-sources-485424698583-us-central1","object":"enviarEmailBoasVindas/function-source.zip","generation":"1753705886987942"}},"dockerRegistry":"ARTIFACT_REGISTRY","serviceAccount":"projects/risifit-4defe/serviceAccounts/485424698583-compute@developer.gserviceaccount.com","automaticUpdatePolicy":{}},"serviceConfig":{"service":"projects/risifit-4defe/locations/us-central1/services/enviaremailboasvindas","timeoutSeconds":60,"environmentVariables":{"SENDGRID_API_KEY":"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","FIREBASE_CONFIG":"{\"projectId\":\"risifit-4defe\",\"storageBucket\":\"risifit-4defe.firebasestorage.app\"}","GCLOUD_PROJECT":"risifit-4defe","EVENTARC_CLOUD_EVENT_SOURCE":"projects/risifit-4defe/locations/us-central1/services/enviarEmailBoasVindas","FUNCTION_TARGET":"enviarEmailBoasVindas","LOG_EXECUTION_ID":"true"},"ingressSettings":"ALLOW_ALL","serviceAccountEmail":"485424698583-compute@developer.gserviceaccount.com","availableMemory":"256Mi","maxInstanceRequestConcurrency":80,"availableCpu":"1"},"state":"FAILED","labels":{"deployment-callable":"true","firebase-functions-hash":"8625ab1ffeb171a9fa3f0e7a58a6fbc382ca5382"},"stateMessages":[{"severity":"ERROR","type":"CloudRunServiceNotFound","message":"Cloud Run service projects/risifit-4defe/locations/us-central1/services/enviaremailboasvindas for the function was not found. The function will not work correctly. Please redeploy."}],"environment":"GEN_2","url":"https://us-central1-risifit-4defe.cloudfunctions.net/enviarEmailBoasVindas","satisfiesPzi":true},"stages":[{"name":"BUILD","message":"Build in progress","state":"IN_PROGRESS","resource":"projects/485424698583/locations/us-central1/builds/f9120b07-3ab6-4f94-a037-0806b22235ec","resourceUri":"https://console.cloud.google.com/cloud-build/builds;region=us-central1/f9120b07-3ab6-4f94-a037-0806b22235ec?project=485424698583"},{"name":"SERVICE","state":"NOT_STARTED"}],"operationType":"UPDATE_FUNCTION","buildName":"projects/485424698583/locations/us-central1/builds/f9120b07-3ab6-4f94-a037-0806b22235ec"},"done":false}
[debug] [2025-07-28T12:46:54.559Z] [update-default-us-central1-enviarEmailBoasVindas] Retrying task index 0
[debug] [2025-07-28T12:46:54.559Z] Checked if tokens are valid: true, expires at: 1753708948415
[debug] [2025-07-28T12:46:54.559Z] Checked if tokens are valid: true, expires at: 1753708948415
[debug] [2025-07-28T12:46:54.559Z] >>> [apiv2][query] GET https://cloudfunctions.googleapis.com/v2/projects/risifit-4defe/locations/us-central1/operations/operation-1753706807430-63afcaf4c0e84-d4e0410f-64ad10a4 [none]
[debug] [2025-07-28T12:46:55.317Z] <<< [apiv2][status] GET https://cloudfunctions.googleapis.com/v2/projects/risifit-4defe/locations/us-central1/operations/operation-1753706807430-63afcaf4c0e84-d4e0410f-64ad10a4 200
[debug] [2025-07-28T12:46:55.317Z] <<< [apiv2][body] GET https://cloudfunctions.googleapis.com/v2/projects/risifit-4defe/locations/us-central1/operations/operation-1753706807430-63afcaf4c0e84-d4e0410f-64ad10a4 {"name":"projects/risifit-4defe/locations/us-central1/operations/operation-1753706807430-63afcaf4c0e84-d4e0410f-64ad10a4","metadata":{"@type":"type.googleapis.com/google.cloud.functions.v2.OperationMetadata","createTime":"2025-07-28T12:46:48.618614933Z","target":"projects/risifit-4defe/locations/us-central1/functions/enviarEmailBoasVindas","verb":"update","cancelRequested":false,"apiVersion":"v2","requestResource":{"@type":"type.googleapis.com/google.cloud.functions.v2.Function","name":"projects/risifit-4defe/locations/us-central1/functions/enviarEmailBoasVindas","buildConfig":{"runtime":"nodejs20","entryPoint":"enviarEmailBoasVindas","source":{"storageSource":{"bucket":"gcf-v2-sources-485424698583-us-central1","object":"enviarEmailBoasVindas/function-source.zip","generation":"1753706808570681"}},"environmentVariables":{"GOOGLE_NODE_RUN_SCRIPTS":""},"dockerRepository":"projects/risifit-4defe/locations/us-central1/repositories/gcf-artifacts","sourceProvenance":{"resolvedStorageSource":{"bucket":"gcf-v2-sources-485424698583-us-central1","object":"enviarEmailBoasVindas/function-source.zip","generation":"1753705886987942"}},"dockerRegistry":"ARTIFACT_REGISTRY","serviceAccount":"projects/risifit-4defe/serviceAccounts/485424698583-compute@developer.gserviceaccount.com","automaticUpdatePolicy":{}},"serviceConfig":{"service":"projects/risifit-4defe/locations/us-central1/services/enviaremailboasvindas","timeoutSeconds":60,"environmentVariables":{"SENDGRID_API_KEY":"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","FIREBASE_CONFIG":"{\"projectId\":\"risifit-4defe\",\"storageBucket\":\"risifit-4defe.firebasestorage.app\"}","GCLOUD_PROJECT":"risifit-4defe","EVENTARC_CLOUD_EVENT_SOURCE":"projects/risifit-4defe/locations/us-central1/services/enviarEmailBoasVindas","FUNCTION_TARGET":"enviarEmailBoasVindas","LOG_EXECUTION_ID":"true"},"ingressSettings":"ALLOW_ALL","serviceAccountEmail":"485424698583-compute@developer.gserviceaccount.com","availableMemory":"256Mi","maxInstanceRequestConcurrency":80,"availableCpu":"1"},"state":"FAILED","labels":{"deployment-callable":"true","firebase-functions-hash":"8625ab1ffeb171a9fa3f0e7a58a6fbc382ca5382"},"stateMessages":[{"severity":"ERROR","type":"CloudRunServiceNotFound","message":"Cloud Run service projects/risifit-4defe/locations/us-central1/services/enviaremailboasvindas for the function was not found. The function will not work correctly. Please redeploy."}],"environment":"GEN_2","url":"https://us-central1-risifit-4defe.cloudfunctions.net/enviarEmailBoasVindas","satisfiesPzi":true},"stages":[{"name":"BUILD","message":"Build in progress","state":"IN_PROGRESS","resource":"projects/485424698583/locations/us-central1/builds/f9120b07-3ab6-4f94-a037-0806b22235ec","resourceUri":"https://console.cloud.google.com/cloud-build/builds;region=us-central1/f9120b07-3ab6-4f94-a037-0806b22235ec?project=485424698583"},{"name":"SERVICE","state":"NOT_STARTED"}],"operationType":"UPDATE_FUNCTION","buildName":"projects/485424698583/locations/us-central1/builds/f9120b07-3ab6-4f94-a037-0806b22235ec"},"done":false}
[debug] [2025-07-28T12:46:59.323Z] [update-default-us-central1-enviarEmailBoasVindas] Retrying task index 0
[debug] [2025-07-28T12:46:59.323Z] Checked if tokens are valid: true, expires at: 1753708948415
[debug] [2025-07-28T12:46:59.323Z] Checked if tokens are valid: true, expires at: 1753708948415
[debug] [2025-07-28T12:46:59.323Z] >>> [apiv2][query] GET https://cloudfunctions.googleapis.com/v2/projects/risifit-4defe/locations/us-central1/operations/operation-1753706807430-63afcaf4c0e84-d4e0410f-64ad10a4 [none]
[debug] [2025-07-28T12:46:59.519Z] <<< [apiv2][status] GET https://cloudfunctions.googleapis.com/v2/projects/risifit-4defe/locations/us-central1/operations/operation-1753706807430-63afcaf4c0e84-d4e0410f-64ad10a4 200
[debug] [2025-07-28T12:46:59.519Z] <<< [apiv2][body] GET https://cloudfunctions.googleapis.com/v2/projects/risifit-4defe/locations/us-central1/operations/operation-1753706807430-63afcaf4c0e84-d4e0410f-64ad10a4 {"name":"projects/risifit-4defe/locations/us-central1/operations/operation-1753706807430-63afcaf4c0e84-d4e0410f-64ad10a4","metadata":{"@type":"type.googleapis.com/google.cloud.functions.v2.OperationMetadata","createTime":"2025-07-28T12:46:48.618614933Z","target":"projects/risifit-4defe/locations/us-central1/functions/enviarEmailBoasVindas","verb":"update","cancelRequested":false,"apiVersion":"v2","requestResource":{"@type":"type.googleapis.com/google.cloud.functions.v2.Function","name":"projects/risifit-4defe/locations/us-central1/functions/enviarEmailBoasVindas","buildConfig":{"runtime":"nodejs20","entryPoint":"enviarEmailBoasVindas","source":{"storageSource":{"bucket":"gcf-v2-sources-485424698583-us-central1","object":"enviarEmailBoasVindas/function-source.zip","generation":"1753706808570681"}},"environmentVariables":{"GOOGLE_NODE_RUN_SCRIPTS":""},"dockerRepository":"projects/risifit-4defe/locations/us-central1/repositories/gcf-artifacts","sourceProvenance":{"resolvedStorageSource":{"bucket":"gcf-v2-sources-485424698583-us-central1","object":"enviarEmailBoasVindas/function-source.zip","generation":"1753705886987942"}},"dockerRegistry":"ARTIFACT_REGISTRY","serviceAccount":"projects/risifit-4defe/serviceAccounts/485424698583-compute@developer.gserviceaccount.com","automaticUpdatePolicy":{}},"serviceConfig":{"service":"projects/risifit-4defe/locations/us-central1/services/enviaremailboasvindas","timeoutSeconds":60,"environmentVariables":{"SENDGRID_API_KEY":"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","FIREBASE_CONFIG":"{\"projectId\":\"risifit-4defe\",\"storageBucket\":\"risifit-4defe.firebasestorage.app\"}","GCLOUD_PROJECT":"risifit-4defe","EVENTARC_CLOUD_EVENT_SOURCE":"projects/risifit-4defe/locations/us-central1/services/enviarEmailBoasVindas","FUNCTION_TARGET":"enviarEmailBoasVindas","LOG_EXECUTION_ID":"true"},"ingressSettings":"ALLOW_ALL","serviceAccountEmail":"485424698583-compute@developer.gserviceaccount.com","availableMemory":"256Mi","maxInstanceRequestConcurrency":80,"availableCpu":"1"},"state":"FAILED","labels":{"deployment-callable":"true","firebase-functions-hash":"8625ab1ffeb171a9fa3f0e7a58a6fbc382ca5382"},"stateMessages":[{"severity":"ERROR","type":"CloudRunServiceNotFound","message":"Cloud Run service projects/risifit-4defe/locations/us-central1/services/enviaremailboasvindas for the function was not found. The function will not work correctly. Please redeploy."}],"environment":"GEN_2","url":"https://us-central1-risifit-4defe.cloudfunctions.net/enviarEmailBoasVindas","satisfiesPzi":true},"stages":[{"name":"BUILD","message":"Build in progress","state":"IN_PROGRESS","resource":"projects/485424698583/locations/us-central1/builds/f9120b07-3ab6-4f94-a037-0806b22235ec","resourceUri":"https://console.cloud.google.com/cloud-build/builds;region=us-central1/f9120b07-3ab6-4f94-a037-0806b22235ec?project=485424698583"},{"name":"SERVICE","state":"NOT_STARTED"}],"operationType":"UPDATE_FUNCTION","buildName":"projects/485424698583/locations/us-central1/builds/f9120b07-3ab6-4f94-a037-0806b22235ec"},"done":false}
[debug] [2025-07-28T12:47:07.532Z] [update-default-us-central1-enviarEmailBoasVindas] Retrying task index 0
[debug] [2025-07-28T12:47:07.533Z] Checked if tokens are valid: true, expires at: 1753708948415
[debug] [2025-07-28T12:47:07.533Z] Checked if tokens are valid: true, expires at: 1753708948415
[debug] [2025-07-28T12:47:07.533Z] >>> [apiv2][query] GET https://cloudfunctions.googleapis.com/v2/projects/risifit-4defe/locations/us-central1/operations/operation-1753706807430-63afcaf4c0e84-d4e0410f-64ad10a4 [none]
[debug] [2025-07-28T12:47:08.322Z] <<< [apiv2][status] GET https://cloudfunctions.googleapis.com/v2/projects/risifit-4defe/locations/us-central1/operations/operation-1753706807430-63afcaf4c0e84-d4e0410f-64ad10a4 200
[debug] [2025-07-28T12:47:08.322Z] <<< [apiv2][body] GET https://cloudfunctions.googleapis.com/v2/projects/risifit-4defe/locations/us-central1/operations/operation-1753706807430-63afcaf4c0e84-d4e0410f-64ad10a4 {"name":"projects/risifit-4defe/locations/us-central1/operations/operation-1753706807430-63afcaf4c0e84-d4e0410f-64ad10a4","metadata":{"@type":"type.googleapis.com/google.cloud.functions.v2.OperationMetadata","createTime":"2025-07-28T12:46:48.618614933Z","target":"projects/risifit-4defe/locations/us-central1/functions/enviarEmailBoasVindas","verb":"update","cancelRequested":false,"apiVersion":"v2","requestResource":{"@type":"type.googleapis.com/google.cloud.functions.v2.Function","name":"projects/risifit-4defe/locations/us-central1/functions/enviarEmailBoasVindas","buildConfig":{"runtime":"nodejs20","entryPoint":"enviarEmailBoasVindas","source":{"storageSource":{"bucket":"gcf-v2-sources-485424698583-us-central1","object":"enviarEmailBoasVindas/function-source.zip","generation":"1753706808570681"}},"environmentVariables":{"GOOGLE_NODE_RUN_SCRIPTS":""},"dockerRepository":"projects/risifit-4defe/locations/us-central1/repositories/gcf-artifacts","sourceProvenance":{"resolvedStorageSource":{"bucket":"gcf-v2-sources-485424698583-us-central1","object":"enviarEmailBoasVindas/function-source.zip","generation":"1753705886987942"}},"dockerRegistry":"ARTIFACT_REGISTRY","serviceAccount":"projects/risifit-4defe/serviceAccounts/485424698583-compute@developer.gserviceaccount.com","automaticUpdatePolicy":{}},"serviceConfig":{"service":"projects/risifit-4defe/locations/us-central1/services/enviaremailboasvindas","timeoutSeconds":60,"environmentVariables":{"SENDGRID_API_KEY":"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","FIREBASE_CONFIG":"{\"projectId\":\"risifit-4defe\",\"storageBucket\":\"risifit-4defe.firebasestorage.app\"}","GCLOUD_PROJECT":"risifit-4defe","EVENTARC_CLOUD_EVENT_SOURCE":"projects/risifit-4defe/locations/us-central1/services/enviarEmailBoasVindas","FUNCTION_TARGET":"enviarEmailBoasVindas","LOG_EXECUTION_ID":"true"},"ingressSettings":"ALLOW_ALL","serviceAccountEmail":"485424698583-compute@developer.gserviceaccount.com","availableMemory":"256Mi","maxInstanceRequestConcurrency":80,"availableCpu":"1"},"state":"FAILED","labels":{"deployment-callable":"true","firebase-functions-hash":"8625ab1ffeb171a9fa3f0e7a58a6fbc382ca5382"},"stateMessages":[{"severity":"ERROR","type":"CloudRunServiceNotFound","message":"Cloud Run service projects/risifit-4defe/locations/us-central1/services/enviaremailboasvindas for the function was not found. The function will not work correctly. Please redeploy."}],"environment":"GEN_2","url":"https://us-central1-risifit-4defe.cloudfunctions.net/enviarEmailBoasVindas","satisfiesPzi":true},"stages":[{"name":"BUILD","message":"Build in progress","state":"IN_PROGRESS","resource":"projects/485424698583/locations/us-central1/builds/f9120b07-3ab6-4f94-a037-0806b22235ec","resourceUri":"https://console.cloud.google.com/cloud-build/builds;region=us-central1/f9120b07-3ab6-4f94-a037-0806b22235ec?project=485424698583"},{"name":"SERVICE","state":"NOT_STARTED"}],"operationType":"UPDATE_FUNCTION","buildName":"projects/485424698583/locations/us-central1/builds/f9120b07-3ab6-4f94-a037-0806b22235ec"},"done":false}
[debug] [2025-07-28T12:47:18.323Z] [update-default-us-central1-enviarEmailBoasVindas] Retrying task index 0
[debug] [2025-07-28T12:47:18.323Z] Checked if tokens are valid: true, expires at: 1753708948415
[debug] [2025-07-28T12:47:18.323Z] Checked if tokens are valid: true, expires at: 1753708948415
[debug] [2025-07-28T12:47:18.323Z] >>> [apiv2][query] GET https://cloudfunctions.googleapis.com/v2/projects/risifit-4defe/locations/us-central1/operations/operation-1753706807430-63afcaf4c0e84-d4e0410f-64ad10a4 [none]
[debug] [2025-07-28T12:47:19.081Z] <<< [apiv2][status] GET https://cloudfunctions.googleapis.com/v2/projects/risifit-4defe/locations/us-central1/operations/operation-1753706807430-63afcaf4c0e84-d4e0410f-64ad10a4 200
[debug] [2025-07-28T12:47:19.081Z] <<< [apiv2][body] GET https://cloudfunctions.googleapis.com/v2/projects/risifit-4defe/locations/us-central1/operations/operation-1753706807430-63afcaf4c0e84-d4e0410f-64ad10a4 {"name":"projects/risifit-4defe/locations/us-central1/operations/operation-1753706807430-63afcaf4c0e84-d4e0410f-64ad10a4","metadata":{"@type":"type.googleapis.com/google.cloud.functions.v2.OperationMetadata","createTime":"2025-07-28T12:46:48.618614933Z","target":"projects/risifit-4defe/locations/us-central1/functions/enviarEmailBoasVindas","verb":"update","cancelRequested":false,"apiVersion":"v2","requestResource":{"@type":"type.googleapis.com/google.cloud.functions.v2.Function","name":"projects/risifit-4defe/locations/us-central1/functions/enviarEmailBoasVindas","buildConfig":{"runtime":"nodejs20","entryPoint":"enviarEmailBoasVindas","source":{"storageSource":{"bucket":"gcf-v2-sources-485424698583-us-central1","object":"enviarEmailBoasVindas/function-source.zip","generation":"1753706808570681"}},"environmentVariables":{"GOOGLE_NODE_RUN_SCRIPTS":""},"dockerRepository":"projects/risifit-4defe/locations/us-central1/repositories/gcf-artifacts","sourceProvenance":{"resolvedStorageSource":{"bucket":"gcf-v2-sources-485424698583-us-central1","object":"enviarEmailBoasVindas/function-source.zip","generation":"1753705886987942"}},"dockerRegistry":"ARTIFACT_REGISTRY","serviceAccount":"projects/risifit-4defe/serviceAccounts/485424698583-compute@developer.gserviceaccount.com","automaticUpdatePolicy":{}},"serviceConfig":{"service":"projects/risifit-4defe/locations/us-central1/services/enviaremailboasvindas","timeoutSeconds":60,"environmentVariables":{"SENDGRID_API_KEY":"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","FIREBASE_CONFIG":"{\"projectId\":\"risifit-4defe\",\"storageBucket\":\"risifit-4defe.firebasestorage.app\"}","GCLOUD_PROJECT":"risifit-4defe","EVENTARC_CLOUD_EVENT_SOURCE":"projects/risifit-4defe/locations/us-central1/services/enviarEmailBoasVindas","FUNCTION_TARGET":"enviarEmailBoasVindas","LOG_EXECUTION_ID":"true"},"ingressSettings":"ALLOW_ALL","serviceAccountEmail":"485424698583-compute@developer.gserviceaccount.com","availableMemory":"256Mi","maxInstanceRequestConcurrency":80,"availableCpu":"1"},"state":"FAILED","labels":{"deployment-callable":"true","firebase-functions-hash":"8625ab1ffeb171a9fa3f0e7a58a6fbc382ca5382"},"stateMessages":[{"severity":"ERROR","type":"CloudRunServiceNotFound","message":"Cloud Run service projects/risifit-4defe/locations/us-central1/services/enviaremailboasvindas for the function was not found. The function will not work correctly. Please redeploy."}],"environment":"GEN_2","url":"https://us-central1-risifit-4defe.cloudfunctions.net/enviarEmailBoasVindas","satisfiesPzi":true},"stages":[{"name":"BUILD","message":"Build in progress","state":"IN_PROGRESS","resource":"projects/485424698583/locations/us-central1/builds/f9120b07-3ab6-4f94-a037-0806b22235ec","resourceUri":"https://console.cloud.google.com/cloud-build/builds;region=us-central1/f9120b07-3ab6-4f94-a037-0806b22235ec?project=485424698583"},{"name":"SERVICE","state":"NOT_STARTED"}],"operationType":"UPDATE_FUNCTION","buildName":"projects/485424698583/locations/us-central1/builds/f9120b07-3ab6-4f94-a037-0806b22235ec"},"done":false}
[debug] [2025-07-28T12:47:29.091Z] [update-default-us-central1-enviarEmailBoasVindas] Retrying task index 0
[debug] [2025-07-28T12:47:29.092Z] Checked if tokens are valid: true, expires at: 1753708948415
[debug] [2025-07-28T12:47:29.092Z] Checked if tokens are valid: true, expires at: 1753708948415
[debug] [2025-07-28T12:47:29.092Z] >>> [apiv2][query] GET https://cloudfunctions.googleapis.com/v2/projects/risifit-4defe/locations/us-central1/operations/operation-1753706807430-63afcaf4c0e84-d4e0410f-64ad10a4 [none]
[debug] [2025-07-28T12:47:29.834Z] <<< [apiv2][status] GET https://cloudfunctions.googleapis.com/v2/projects/risifit-4defe/locations/us-central1/operations/operation-1753706807430-63afcaf4c0e84-d4e0410f-64ad10a4 200
[debug] [2025-07-28T12:47:29.834Z] <<< [apiv2][body] GET https://cloudfunctions.googleapis.com/v2/projects/risifit-4defe/locations/us-central1/operations/operation-1753706807430-63afcaf4c0e84-d4e0410f-64ad10a4 {"name":"projects/risifit-4defe/locations/us-central1/operations/operation-1753706807430-63afcaf4c0e84-d4e0410f-64ad10a4","metadata":{"@type":"type.googleapis.com/google.cloud.functions.v2.OperationMetadata","createTime":"2025-07-28T12:46:48.618614933Z","endTime":"2025-07-28T12:47:26.999087364Z","target":"projects/risifit-4defe/locations/us-central1/functions/enviarEmailBoasVindas","verb":"update","cancelRequested":false,"apiVersion":"v2","requestResource":{"@type":"type.googleapis.com/google.cloud.functions.v2.Function","name":"projects/risifit-4defe/locations/us-central1/functions/enviarEmailBoasVindas","buildConfig":{"runtime":"nodejs20","entryPoint":"enviarEmailBoasVindas","source":{"storageSource":{"bucket":"gcf-v2-sources-485424698583-us-central1","object":"enviarEmailBoasVindas/function-source.zip","generation":"1753706808570681"}},"environmentVariables":{"GOOGLE_NODE_RUN_SCRIPTS":""},"dockerRepository":"projects/risifit-4defe/locations/us-central1/repositories/gcf-artifacts","sourceProvenance":{"resolvedStorageSource":{"bucket":"gcf-v2-sources-485424698583-us-central1","object":"enviarEmailBoasVindas/function-source.zip","generation":"1753705886987942"}},"dockerRegistry":"ARTIFACT_REGISTRY","serviceAccount":"projects/risifit-4defe/serviceAccounts/485424698583-compute@developer.gserviceaccount.com","automaticUpdatePolicy":{}},"serviceConfig":{"service":"projects/risifit-4defe/locations/us-central1/services/enviaremailboasvindas","timeoutSeconds":60,"environmentVariables":{"SENDGRID_API_KEY":"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","FIREBASE_CONFIG":"{\"projectId\":\"risifit-4defe\",\"storageBucket\":\"risifit-4defe.firebasestorage.app\"}","GCLOUD_PROJECT":"risifit-4defe","EVENTARC_CLOUD_EVENT_SOURCE":"projects/risifit-4defe/locations/us-central1/services/enviarEmailBoasVindas","FUNCTION_TARGET":"enviarEmailBoasVindas","LOG_EXECUTION_ID":"true"},"ingressSettings":"ALLOW_ALL","serviceAccountEmail":"485424698583-compute@developer.gserviceaccount.com","availableMemory":"256Mi","maxInstanceRequestConcurrency":80,"availableCpu":"1"},"state":"FAILED","labels":{"deployment-callable":"true","firebase-functions-hash":"8625ab1ffeb171a9fa3f0e7a58a6fbc382ca5382"},"stateMessages":[{"severity":"ERROR","type":"CloudRunServiceNotFound","message":"Cloud Run service projects/risifit-4defe/locations/us-central1/services/enviaremailboasvindas for the function was not found. The function will not work correctly. Please redeploy."}],"environment":"GEN_2","url":"https://us-central1-risifit-4defe.cloudfunctions.net/enviarEmailBoasVindas","satisfiesPzi":true},"stages":[{"name":"SERVICE","state":"NOT_STARTED"}],"operationType":"UPDATE_FUNCTION"},"done":true,"error":{"code":3,"message":"Build failed with status: FAILURE and message: npm error code EUSAGE\nnpm error\nnpm error `npm ci` can only install packages when your package.json and package-lock.json or npm-shrinkwrap.json are in sync. Please update your lock file with `npm install` before continuing.\nnpm error\nnpm error Invalid: lock file's @sendgrid/mail@8.1.5 does not satisfy @sendgrid/mail@7.7.0\nnpm error Invalid: lock file's firebase-functions@6.4.0 does not satisfy firebase-functions@5.1.1\nnpm error Invalid: lock file's @sendgrid/client@8.1.5 does not satisfy @sendgrid/client@7.7.0\nnpm error Invalid: lock file's @sendgrid/helpers@8.0.0 does not satisfy @sendgrid/helpers@7.7.0\nnpm error Invalid: lock file's axios@1.11.0 does not satisfy axios@0.26.1\nnpm error Missing: @types/express@4.17.3 from lock file\nnpm error\nnpm error Clean install a project\nnpm error\nnpm error Usage:\nnpm error npm ci\nnpm error\nnpm error Options:\nnpm error [--install-strategy <hoisted|nested|shallow|linked>] [--legacy-bundling]\nnpm error [--global-style] [--omit <dev|optional|peer> [--omit <dev|optional|peer> ...]]\nnpm error [--include <prod|dev|optional|peer> [--include <prod|dev|optional|peer> ...]]\nnpm error [--strict-peer-deps] [--foreground-scripts] [--ignore-scripts] [--no-audit]\nnpm error [--no-bin-links] [--no-fund] [--dry-run]\nnpm error [-w|--workspace <workspace-name> [-w|--workspace <workspace-name> ...]]\nnpm error [-ws|--workspaces] [--include-workspace-root] [--install-links]\nnpm error\nnpm error aliases: clean-install, ic, install-clean, isntall-clean\nnpm error\nnpm error Run \"npm help ci\" for more info\nnpm error A complete log of this run can be found in: /www-data-home/.npm/_logs/2025-07-28T12_47_08_942Z-debug-0.log. For more details see the logs at https://console.cloud.google.com/cloud-build/builds;region=us-central1/f9120b07-3ab6-4f94-a037-0806b22235ec?project=485424698583."}}
[debug] [2025-07-28T12:47:29.834Z] Got source token undefined for region us-central1
[error] Build failed with status: FAILURE and message: npm error code EUSAGE
npm error
npm error `npm ci` can only install packages when your package.json and package-lock.json or npm-shrinkwrap.json are in sync. Please update your lock file with `npm install` before continuing.
npm error
npm error Invalid: lock file's @sendgrid/mail@8.1.5 does not satisfy @sendgrid/mail@7.7.0
npm error Invalid: lock file's firebase-functions@6.4.0 does not satisfy firebase-functions@5.1.1
npm error Invalid: lock file's @sendgrid/client@8.1.5 does not satisfy @sendgrid/client@7.7.0
npm error Invalid: lock file's @sendgrid/helpers@8.0.0 does not satisfy @sendgrid/helpers@7.7.0
npm error Invalid: lock file's axios@1.11.0 does not satisfy axios@0.26.1
npm error Missing: @types/express@4.17.3 from lock file
npm error
npm error Clean install a project
npm error
npm error Usage:
npm error npm ci
npm error
npm error Options:
npm error [--install-strategy <hoisted|nested|shallow|linked>] [--legacy-bundling]
npm error [--global-style] [--omit <dev|optional|peer> [--omit <dev|optional|peer> ...]]
npm error [--include <prod|dev|optional|peer> [--include <prod|dev|optional|peer> ...]]
npm error [--strict-peer-deps] [--foreground-scripts] [--ignore-scripts] [--no-audit]
npm error [--no-bin-links] [--no-fund] [--dry-run]
npm error [-w|--workspace <workspace-name> [-w|--workspace <workspace-name> ...]]
npm error [-ws|--workspaces] [--include-workspace-root] [--install-links]
npm error
npm error aliases: clean-install, ic, install-clean, isntall-clean
npm error
npm error Run "npm help ci" for more info
npm error A complete log of this run can be found in: /www-data-home/.npm/_logs/2025-07-28T12_47_08_942Z-debug-0.log. For more details see the logs at https://console.cloud.google.com/cloud-build/builds;region=us-central1/f9120b07-3ab6-4f94-a037-0806b22235ec?project=485424698583.
[debug] [2025-07-28T12:47:29.839Z] Total Function Deployment time: 42871
[debug] [2025-07-28T12:47:29.839Z] 1 Functions Deployed
[debug] [2025-07-28T12:47:29.839Z] 1 Functions Errored
[debug] [2025-07-28T12:47:29.839Z] 0 Function Deployments Aborted
[debug] [2025-07-28T12:47:29.839Z] Average Function Deployment time: 42870
[info] 
[info] Functions deploy had errors with the following functions:
	enviarEmailBoasVindas(us-central1)
[debug] [2025-07-28T12:47:29.841Z] Checked if tokens are valid: true, expires at: 1753708948415
[debug] [2025-07-28T12:47:29.841Z] Checked if tokens are valid: true, expires at: 1753708948415
[debug] [2025-07-28T12:47:29.841Z] >>> [apiv2][query] GET https://artifactregistry.googleapis.com/v1/projects/risifit-4defe/locations/us-central1/repositories/gcf-artifacts [none]
[debug] [2025-07-28T12:47:30.678Z] <<< [apiv2][status] GET https://artifactregistry.googleapis.com/v1/projects/risifit-4defe/locations/us-central1/repositories/gcf-artifacts 200
[debug] [2025-07-28T12:47:30.678Z] <<< [apiv2][body] GET https://artifactregistry.googleapis.com/v1/projects/risifit-4defe/locations/us-central1/repositories/gcf-artifacts {"name":"projects/risifit-4defe/locations/us-central1/repositories/gcf-artifacts","format":"DOCKER","description":"This repository is created and used by Cloud Functions for storing function docker images.","labels":{"goog-managed-by":"cloudfunctions"},"createTime":"2025-07-14T20:18:48.616499Z","updateTime":"2025-07-14T23:59:18.518167Z","mode":"STANDARD_REPOSITORY","cleanupPolicies":{"firebase-functions-cleanup":{"id":"firebase-functions-cleanup","action":"DELETE","condition":{"tagState":"ANY","olderThan":"5184000s"}}},"vulnerabilityScanningConfig":{"lastEnableTime":"2025-07-14T20:18:37.492809972Z","enablementState":"SCANNING_DISABLED","enablementStateReason":"API containerscanning.googleapis.com is not enabled."},"satisfiesPzi":true,"registryUri":"us-central1-docker.pkg.dev/risifit-4defe/gcf-artifacts"}
[debug] [2025-07-28T12:47:30.678Z] Functions deploy failed.
[debug] [2025-07-28T12:47:30.678Z] {
  "endpoint": {
    "id": "enviarEmailBoasVindas",
    "project": "risifit-4defe",
    "region": "us-central1",
    "entryPoint": "enviarEmailBoasVindas",
    "platform": "gcfv2",
    "runtime": "nodejs20",
    "callableTrigger": {},
    "labels": {
      "deployment-tool": "cli-firebase"
    },
    "serviceAccount": null,
    "ingressSettings": null,
    "availableMemoryMb": null,
    "timeoutSeconds": null,
    "maxInstances": null,
    "minInstances": null,
    "concurrency": 80,
    "vpc": null,
    "environmentVariables": {
      "SENDGRID_API_KEY": "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",
      "FIREBASE_CONFIG": "{\"projectId\":\"risifit-4defe\",\"storageBucket\":\"risifit-4defe.firebasestorage.app\"}",
      "GCLOUD_PROJECT": "risifit-4defe",
      "EVENTARC_CLOUD_EVENT_SOURCE": "projects/risifit-4defe/locations/us-central1/services/enviarEmailBoasVindas"
    },
    "codebase": "default",
    "securityLevel": "SECURE_ALWAYS",
    "cpu": 1,
    "targetedByOnly": false,
    "hash": "8625ab1ffeb171a9fa3f0e7a58a6fbc382ca5382"
  },
  "op": "update",
  "original": {
    "name": "FirebaseError",
    "children": [],
    "exit": 1,
    "message": "Build failed with status: FAILURE and message: npm error code EUSAGE\nnpm error\nnpm error `npm ci` can only install packages when your package.json and package-lock.json or npm-shrinkwrap.json are in sync. Please update your lock file with `npm install` before continuing.\nnpm error\nnpm error Invalid: lock file's @sendgrid/mail@8.1.5 does not satisfy @sendgrid/mail@7.7.0\nnpm error Invalid: lock file's firebase-functions@6.4.0 does not satisfy firebase-functions@5.1.1\nnpm error Invalid: lock file's @sendgrid/client@8.1.5 does not satisfy @sendgrid/client@7.7.0\nnpm error Invalid: lock file's @sendgrid/helpers@8.0.0 does not satisfy @sendgrid/helpers@7.7.0\nnpm error Invalid: lock file's axios@1.11.0 does not satisfy axios@0.26.1\nnpm error Missing: @types/express@4.17.3 from lock file\nnpm error\nnpm error Clean install a project\nnpm error\nnpm error Usage:\nnpm error npm ci\nnpm error\nnpm error Options:\nnpm error [--install-strategy <hoisted|nested|shallow|linked>] [--legacy-bundling]\nnpm error [--global-style] [--omit <dev|optional|peer> [--omit <dev|optional|peer> ...]]\nnpm error [--include <prod|dev|optional|peer> [--include <prod|dev|optional|peer> ...]]\nnpm error [--strict-peer-deps] [--foreground-scripts] [--ignore-scripts] [--no-audit]\nnpm error [--no-bin-links] [--no-fund] [--dry-run]\nnpm error [-w|--workspace <workspace-name> [-w|--workspace <workspace-name> ...]]\nnpm error [-ws|--workspaces] [--include-workspace-root] [--install-links]\nnpm error\nnpm error aliases: clean-install, ic, install-clean, isntall-clean\nnpm error\nnpm error Run \"npm help ci\" for more info\nnpm error A complete log of this run can be found in: /www-data-home/.npm/_logs/2025-07-28T12_47_08_942Z-debug-0.log. For more details see the logs at https://console.cloud.google.com/cloud-build/builds;region=us-central1/f9120b07-3ab6-4f94-a037-0806b22235ec?project=485424698583.",
    "original": {
      "code": 3,
      "message": "Build failed with status: FAILURE and message: npm error code EUSAGE\nnpm error\nnpm error `npm ci` can only install packages when your package.json and package-lock.json or npm-shrinkwrap.json are in sync. Please update your lock file with `npm install` before continuing.\nnpm error\nnpm error Invalid: lock file's @sendgrid/mail@8.1.5 does not satisfy @sendgrid/mail@7.7.0\nnpm error Invalid: lock file's firebase-functions@6.4.0 does not satisfy firebase-functions@5.1.1\nnpm error Invalid: lock file's @sendgrid/client@8.1.5 does not satisfy @sendgrid/client@7.7.0\nnpm error Invalid: lock file's @sendgrid/helpers@8.0.0 does not satisfy @sendgrid/helpers@7.7.0\nnpm error Invalid: lock file's axios@1.11.0 does not satisfy axios@0.26.1\nnpm error Missing: @types/express@4.17.3 from lock file\nnpm error\nnpm error Clean install a project\nnpm error\nnpm error Usage:\nnpm error npm ci\nnpm error\nnpm error Options:\nnpm error [--install-strategy <hoisted|nested|shallow|linked>] [--legacy-bundling]\nnpm error [--global-style] [--omit <dev|optional|peer> [--omit <dev|optional|peer> ...]]\nnpm error [--include <prod|dev|optional|peer> [--include <prod|dev|optional|peer> ...]]\nnpm error [--strict-peer-deps] [--foreground-scripts] [--ignore-scripts] [--no-audit]\nnpm error [--no-bin-links] [--no-fund] [--dry-run]\nnpm error [-w|--workspace <workspace-name> [-w|--workspace <workspace-name> ...]]\nnpm error [-ws|--workspaces] [--include-workspace-root] [--install-links]\nnpm error\nnpm error aliases: clean-install, ic, install-clean, isntall-clean\nnpm error\nnpm error Run \"npm help ci\" for more info\nnpm error A complete log of this run can be found in: /www-data-home/.npm/_logs/2025-07-28T12_47_08_942Z-debug-0.log. For more details see the logs at https://console.cloud.google.com/cloud-build/builds;region=us-central1/f9120b07-3ab6-4f94-a037-0806b22235ec?project=485424698583."
    },
    "status": 3,
    "code": 3
  }
}
[debug] [2025-07-28T12:47:30.680Z] Error: Failed to update function enviarEmailBoasVindas in region us-central1
    at C:\Users\hugob\AppData\Roaming\npm\node_modules\firebase-tools\lib\deploy\functions\release\fabricator.js:399:19
    at process.processTicksAndRejections (node:internal/process/task_queues:105:5)
    at async Fabricator.updateV2Function (C:\Users\hugob\AppData\Roaming\npm\node_modules\firebase-tools\lib\deploy\functions\release\fabricator.js:388:32)
    at async Fabricator.updateEndpoint (C:\Users\hugob\AppData\Roaming\npm\node_modules\firebase-tools\lib\deploy\functions\release\fabricator.js:155:13)
    at async handle (C:\Users\hugob\AppData\Roaming\npm\node_modules\firebase-tools\lib\deploy\functions\release\fabricator.js:89:17)
[error] 
[error] Error: There was an error deploying functions
